2024-05-20 21:44:21,732 INFO o.h.v.i.u.Version [background-preinit] HV000001: Hibernate Validator 8.0.1.Final
2024-05-20 21:44:21,788 INFO r.g.P.T.ProfessionalTimetableApplication [main] Starting ProfessionalTimetableApplication using Java 20.0.1 with PID 3392 (C:\Users\genes\IdeaProjects\1NewVolna\Professional-Timetable\target\classes started by genes in C:\Users\genes\IdeaProjects\1NewVolna\Professional-Timetable)
2024-05-20 21:44:21,789 INFO r.g.P.T.ProfessionalTimetableApplication [main] No active profile set, falling back to 1 default profile: "default"
2024-05-20 21:44:22,836 INFO o.s.d.r.c.RepositoryConfigurationDelegate [main] Bootstrapping Spring Data JPA repositories in DEFAULT mode.
2024-05-20 21:44:22,946 INFO o.s.d.r.c.RepositoryConfigurationDelegate [main] Finished Spring Data repository scanning in 100 ms. Found 9 JPA repository interfaces.
2024-05-20 21:44:23,195 INFO o.s.c.c.s.GenericScope [main] BeanFactory id=28169eb3-2e88-387f-8556-61fb84d8c666
2024-05-20 21:44:23,666 INFO o.s.b.w.e.t.TomcatWebServer [main] Tomcat initialized with port(s): 8080 (http)
2024-05-20 21:44:23,673 INFO o.a.c.h.Http11NioProtocol [main] Initializing ProtocolHandler ["http-nio-8080"]
2024-05-20 21:44:23,675 INFO o.a.c.c.StandardService [main] Starting service [Tomcat]
2024-05-20 21:44:23,675 INFO o.a.c.c.StandardEngine [main] Starting Servlet engine: [Apache Tomcat/10.1.15]
2024-05-20 21:44:23,822 INFO o.a.c.c.C.[.[.[/] [main] Initializing Spring embedded WebApplicationContext
2024-05-20 21:44:23,823 INFO o.s.b.w.s.c.ServletWebServerApplicationContext [main] Root WebApplicationContext: initialization completed in 1971 ms
2024-05-20 21:44:23,949 INFO c.z.h.HikariDataSource [main] HikariPool-1 - Starting...
2024-05-20 21:44:24,135 INFO c.z.h.p.HikariPool [main] HikariPool-1 - Added connection org.postgresql.jdbc.PgConnection@5111de7c
2024-05-20 21:44:24,137 INFO c.z.h.HikariDataSource [main] HikariPool-1 - Start completed.
2024-05-20 21:44:24,174 INFO o.h.j.i.u.LogHelper [main] HHH000204: Processing PersistenceUnitInfo [name: default]
2024-05-20 21:44:24,223 INFO o.h.Version [main] HHH000412: Hibernate ORM core version 6.2.13.Final
2024-05-20 21:44:24,226 INFO o.h.c.Environment [main] HHH000406: Using bytecode reflection optimizer
2024-05-20 21:44:24,505 INFO o.s.o.j.p.SpringPersistenceUnitInfo [main] No LoadTimeWeaver setup: ignoring JPA class transformer
2024-05-20 21:44:24,563 WARN o.h.o.deprecation [main] HHH90000025: PostgreSQLDialect does not need to be specified explicitly using 'hibernate.dialect' (remove the property setting and it will be selected by default)
2024-05-20 21:44:25,736 INFO o.h.e.t.j.p.i.JtaPlatformInitiator [main] HHH000489: No JTA platform available (set 'hibernate.transaction.jta.platform' to enable JTA platform integration)
2024-05-20 21:44:25,741 INFO o.s.o.j.LocalContainerEntityManagerFactoryBean [main] Initialized JPA EntityManagerFactory for persistence unit 'default'
2024-05-20 21:44:26,345 INFO o.s.d.j.r.q.QueryEnhancerFactory [main] Hibernate is in classpath; If applicable, HQL parser will be used.
2024-05-20 21:44:27,763 WARN o.s.b.a.o.j.JpaBaseConfiguration$JpaWebConfiguration [main] spring.jpa.open-in-view is enabled by default. Therefore, database queries may be performed during view rendering. Explicitly configure spring.jpa.open-in-view to disable this warning
2024-05-20 21:44:28,117 INFO o.s.s.w.DefaultSecurityFilterChain [main] Will secure any request with [org.springframework.security.web.session.DisableEncodeUrlFilter@11a8735d, org.springframework.security.web.context.request.async.WebAsyncManagerIntegrationFilter@59294f29, org.springframework.security.web.context.SecurityContextHolderFilter@59b5251d, org.springframework.security.web.header.HeaderWriterFilter@751e7d99, org.springframework.security.web.csrf.CsrfFilter@520f1862, org.springframework.security.web.authentication.logout.LogoutFilter@6a2d1f6d, ru.genesizant.Professional.Timetable.config.JWTFilter@1d982fbe, org.springframework.security.web.authentication.UsernamePasswordAuthenticationFilter@37edb7fa, org.springframework.security.web.savedrequest.RequestCacheAwareFilter@4bba628, org.springframework.security.web.servletapi.SecurityContextHolderAwareRequestFilter@4420f4d4, org.springframework.security.web.authentication.AnonymousAuthenticationFilter@795d43d9, org.springframework.security.web.session.SessionManagementFilter@297c0311, org.springframework.security.web.access.ExceptionTranslationFilter@4619e076, org.springframework.security.web.access.intercept.AuthorizationFilter@980ac1f]
2024-05-20 21:44:28,955 INFO o.a.c.h.Http11NioProtocol [main] Starting ProtocolHandler ["http-nio-8080"]
2024-05-20 21:44:28,981 INFO o.s.b.w.e.t.TomcatWebServer [main] Tomcat started on port(s): 8080 (http) with context path ''
2024-05-20 21:44:29,165 INFO r.g.P.T.ProfessionalTimetableApplication [main] Started ProfessionalTimetableApplication in 7.957 seconds (process running for 9.021)
2024-05-20 21:44:47,586 INFO o.a.c.c.C.[.[.[/] [http-nio-8080-exec-1] Initializing Spring DispatcherServlet 'dispatcherServlet'
2024-05-20 21:44:47,586 INFO o.s.w.s.DispatcherServlet [http-nio-8080-exec-1] Initializing Servlet 'dispatcherServlet'
2024-05-20 21:44:47,588 INFO o.s.w.s.DispatcherServlet [http-nio-8080-exec-1] Completed initialization in 2 ms
2024-05-20 21:44:58,052 INFO r.g.P.T.c.AuthController [http-nio-8080-exec-6] В приложение зашел пользовательАнна. ID: 44
